2025-05-23 18:15:57,850 1 WARNING ? py.warnings: /usr/lib/python3/dist-packages/odoo/tools/config.py:576: DeprecationWarning: The longpolling-port is a deprecated alias to the gevent-port option, please use the latter.
  File "/usr/bin/odoo", line 8, in <module>
    odoo.cli.main()
  File "/usr/lib/python3/dist-packages/odoo/cli/command.py", line 66, in main
    o.run(args)
  File "/usr/lib/python3/dist-packages/odoo/cli/server.py", line 186, in run
    main(args)
  File "/usr/lib/python3/dist-packages/odoo/cli/server.py", line 133, in main
    odoo.tools.config.parse_config(args)
  File "/usr/lib/python3/dist-packages/odoo/tools/config.py", line 390, in parse_config
    self._warn_deprecated_options()
  File "/usr/lib/python3/dist-packages/odoo/tools/config.py", line 576, in _warn_deprecated_options
    warnings.warn(
 
2025-05-23 18:15:57,850 1 INFO ? odoo: Odoo version 17.0-20250401 
2025-05-23 18:15:57,850 1 INFO ? odoo: Using configuration file at /etc/odoo/odoo.conf 
2025-05-23 18:15:57,850 1 INFO ? odoo: addons paths: ['/usr/lib/python3/dist-packages/odoo/addons', '/var/lib/odoo/addons/17.0', '/mnt/extra-addons', '/mnt/extra-themes'] 
2025-05-23 18:15:57,850 1 INFO ? odoo: database: odoo@postgres:5432 
2025-05-23 18:15:57,944 1 INFO ? odoo.addons.base.models.ir_actions_report: Will use the Wkhtmltopdf binary at /usr/local/bin/wkhtmltopdf 
2025-05-23 18:15:58,118 1 INFO ? odoo.service.server: HTTP service (werkzeug) running on 9f89999c1c99:8069 
2025-05-23 18:15:58,118 1 INFO ? odoo.sql_db: Connection to the database failed 
2025-05-23 18:15:58,119 1 INFO ? odoo.sql_db: Connection to the database failed 
2025-05-23 18:15:58,120 1 INFO ? odoo.sql_db: Connection to the database failed 
2025-05-23 18:15:58,122 1 INFO ? odoo.sql_db: Connection to the database failed 
2025-05-23 18:16:10,300 1 INFO ? odoo.sql_db: Connection to the database failed 
2025-05-23 18:16:10,710 1 WARNING ? odoo.modules.module: Missing `license` key in manifest for 'odoo_whatsapp_integration', defaulting to LGPL-3 
2025-05-23 18:16:10,755 1 INFO ? odoo.sql_db: Connection to the database failed 
2025-05-23 18:16:10,820 1 INFO ? werkzeug: 172.26.0.1 - - [23/May/2025 18:16:10] "GET /web/database/selector HTTP/1.1" 200 - 0 0.000 0.525
2025-05-23 18:16:10,847 1 INFO ? odoo.sql_db: Connection to the database failed 
2025-05-23 18:16:10,849 1 INFO ? odoo.sql_db: Connection to the database failed 
2025-05-23 18:16:10,851 1 INFO ? werkzeug: 172.26.0.1 - - [23/May/2025 18:16:10] "GET /web/static/src/libs/fontawesome/css/font-awesome.css HTTP/1.1" 200 - 0 0.000 0.007
2025-05-23 18:16:10,852 1 INFO ? odoo.sql_db: Connection to the database failed 
2025-05-23 18:16:10,856 1 INFO ? werkzeug: 172.26.0.1 - - [23/May/2025 18:16:10] "GET /web/static/lib/bootstrap/dist/css/bootstrap.css HTTP/1.1" 200 - 0 0.000 0.010
2025-05-23 18:16:10,856 1 INFO ? odoo.sql_db: Connection to the database failed 
2025-05-23 18:16:10,859 1 INFO ? werkzeug: 172.26.0.1 - - [23/May/2025 18:16:10] "GET /web/static/lib/bootstrap/js/dist/dom/data.js HTTP/1.1" 200 - 0 0.000 0.011
2025-05-23 18:16:10,861 1 INFO ? werkzeug: 172.26.0.1 - - [23/May/2025 18:16:10] "GET /web/static/lib/bootstrap/js/dist/dom/manipulator.js HTTP/1.1" 200 - 0 0.000 0.009
2025-05-23 18:16:10,861 1 INFO ? odoo.sql_db: Connection to the database failed 
2025-05-23 18:16:10,864 1 INFO ? werkzeug: 172.26.0.1 - - [23/May/2025 18:16:10] "GET /web/static/lib/bootstrap/js/dist/dom/event-handler.js HTTP/1.1" 200 - 0 0.000 0.013
2025-05-23 18:16:10,864 1 INFO ? odoo.sql_db: Connection to the database failed 
2025-05-23 18:16:10,866 1 INFO ? odoo.sql_db: Connection to the database failed 
2025-05-23 18:16:10,869 1 INFO ? werkzeug: 172.26.0.1 - - [23/May/2025 18:16:10] "GET /web/static/lib/bootstrap/js/dist/dom/selector-engine.js HTTP/1.1" 200 - 0 0.000 0.015
2025-05-23 18:16:10,871 1 INFO ? odoo.sql_db: Connection to the database failed 
2025-05-23 18:16:10,872 1 INFO ? werkzeug: 172.26.0.1 - - [23/May/2025 18:16:10] "GET /web/static/lib/bootstrap/js/dist/base-component.js HTTP/1.1" 200 - 0 0.000 0.012
2025-05-23 18:16:10,874 1 INFO ? odoo.sql_db: Connection to the database failed 
2025-05-23 18:16:10,876 1 INFO ? werkzeug: 172.26.0.1 - - [23/May/2025 18:16:10] "GET /web/static/lib/bootstrap/js/dist/modal.js HTTP/1.1" 200 - 0 0.000 0.009
2025-05-23 18:16:10,879 1 INFO ? odoo.sql_db: Connection to the database failed 
2025-05-23 18:16:10,879 1 INFO ? werkzeug: 172.26.0.1 - - [23/May/2025 18:16:10] "GET /web/static/src/public/database_manager.js HTTP/1.1" 200 - 0 0.000 0.010
2025-05-23 18:16:10,881 1 INFO ? werkzeug: 172.26.0.1 - - [23/May/2025 18:16:10] "GET /web/static/img/logo2.png HTTP/1.1" 200 - 0 0.000 0.004
2025-05-23 18:16:10,912 1 INFO ? odoo.sql_db: Connection to the database failed 
2025-05-23 18:16:10,917 1 INFO ? werkzeug: 172.26.0.1 - - [23/May/2025 18:16:10] "GET /web/static/src/libs/fontawesome/fonts/fontawesome-webfont.woff2?v=4.7.0 HTTP/1.1" 200 - 0 0.000 0.007
2025-05-23 18:16:10,993 1 INFO ? odoo.sql_db: Connection to the database failed 
2025-05-23 18:16:10,997 1 INFO ? werkzeug: 172.26.0.1 - - [23/May/2025 18:16:10] "GET /web/static/img/favicon.ico HTTP/1.1" 200 - 0 0.000 0.006
2025-05-23 18:16:28,437 1 INFO None odoo.service.db: Create database `lithws`. 
2025-05-23 18:16:31,215 1 INFO None odoo.modules.loading: loading 1 modules... 
2025-05-23 18:16:31,215 1 INFO None odoo.modules.loading: Loading module base (1/1) 
2025-05-23 18:16:31,261 1 INFO None odoo.modules.registry: module base: creating or updating database tables 
2025-05-23 18:16:34,897 1 INFO None odoo.models: Prepare computation of ir.module.module.menus_by_module 
2025-05-23 18:16:34,898 1 INFO None odoo.models: Prepare computation of ir.module.module.reports_by_module 
2025-05-23 18:16:34,899 1 INFO None odoo.models: Prepare computation of ir.module.module.views_by_module 
2025-05-23 18:16:36,269 1 INFO None odoo.models: Prepare computation of res.partner.user_id 
2025-05-23 18:16:36,269 1 INFO None odoo.models: Prepare computation of res.partner.commercial_partner_id 
2025-05-23 18:16:36,269 1 INFO None odoo.models: Prepare computation of res.partner.complete_name 
2025-05-23 18:16:36,269 1 INFO None odoo.models: Prepare computation of res.partner.company_registry 
2025-05-23 18:16:36,269 1 INFO None odoo.models: Prepare computation of res.partner.commercial_company_name 
2025-05-23 18:16:36,269 1 INFO None odoo.models: Prepare computation of res.partner.partner_share 
2025-05-23 18:16:36,651 1 INFO None odoo.models: Prepare computation of res.currency.decimal_places 
2025-05-23 18:16:36,933 1 INFO None odoo.models: Prepare computation of res.company.uses_default_logo 
2025-05-23 18:16:36,933 1 INFO None odoo.models: Prepare computation of res.company.logo_web 
2025-05-23 18:16:36,966 1 INFO None odoo.models: Computing parent_path for table res_company... 
2025-05-23 18:16:37,193 1 INFO None odoo.models: Prepare computation of res.users.signature 
2025-05-23 18:16:37,193 1 INFO None odoo.models: Prepare computation of res.users.share 
2025-05-23 18:16:43,038 1 INFO None odoo.modules.loading: loading base/data/res_bank.xml 
2025-05-23 18:16:43,045 1 INFO None odoo.modules.loading: loading base/data/res.lang.csv 
2025-05-23 18:16:43,100 1 INFO None odoo.modules.loading: loading base/data/res_lang_data.xml 
2025-05-23 18:16:43,159 1 INFO None odoo.modules.loading: loading base/data/res_partner_data.xml 
2025-05-23 18:16:43,295 1 INFO None odoo.modules.loading: loading base/data/res_currency_data.xml 
2025-05-23 18:16:44,575 1 INFO None odoo.modules.loading: loading base/data/res_company_data.xml 
2025-05-23 18:16:44,601 1 INFO None odoo.modules.loading: loading base/data/res_users_data.xml 
2025-05-23 18:16:46,029 1 INFO None odoo.modules.loading: loading base/data/report_paperformat_data.xml 
2025-05-23 18:16:46,057 1 INFO None odoo.modules.loading: loading base/data/res_country_data.xml 
2025-05-23 18:16:47,208 1 INFO None odoo.modules.loading: loading base/data/ir_demo_data.xml 
2025-05-23 18:16:47,235 1 INFO None odoo.modules.loading: loading base/security/base_groups.xml 
2025-05-23 18:16:47,725 1 INFO None odoo.modules.loading: loading base/security/base_security.xml 
2025-05-23 18:16:48,078 1 INFO None odoo.modules.loading: loading base/views/base_menus.xml 
2025-05-23 18:16:48,239 1 INFO None odoo.modules.loading: loading base/views/decimal_precision_views.xml 
2025-05-23 18:16:48,274 1 INFO None odoo.modules.loading: loading base/views/res_config_views.xml 
2025-05-23 18:16:48,287 1 INFO None odoo.modules.loading: loading base/data/res.country.state.csv 
2025-05-23 18:16:49,085 1 INFO None odoo.modules.loading: loading base/views/ir_actions_views.xml 
2025-05-23 18:16:49,324 1 INFO None odoo.modules.loading: loading base/views/ir_asset_views.xml 
2025-05-23 18:16:49,355 1 INFO None odoo.modules.loading: loading base/views/ir_config_parameter_views.xml 
2025-05-23 18:16:49,386 1 INFO None odoo.modules.loading: loading base/views/ir_cron_views.xml 
2025-05-23 18:16:49,433 1 INFO None odoo.modules.loading: loading base/views/ir_cron_trigger_views.xml 
2025-05-23 18:16:49,458 1 INFO None odoo.modules.loading: loading base/views/ir_filters_views.xml 
2025-05-23 18:16:49,482 1 INFO None odoo.modules.loading: loading base/views/ir_mail_server_views.xml 
2025-05-23 18:16:49,519 1 INFO None odoo.modules.loading: loading base/views/ir_model_views.xml 
2025-05-23 18:16:49,781 1 INFO None odoo.modules.loading: loading base/views/ir_attachment_views.xml 
2025-05-23 18:16:49,834 1 INFO None odoo.modules.loading: loading base/views/ir_rule_views.xml 
2025-05-23 18:16:49,898 1 INFO None odoo.modules.loading: loading base/views/ir_sequence_views.xml 
2025-05-23 18:16:49,971 1 INFO None odoo.modules.loading: loading base/views/ir_ui_menu_views.xml 
2025-05-23 18:16:50,009 1 INFO None odoo.modules.loading: loading base/views/ir_ui_view_views.xml 
2025-05-23 18:16:50,099 1 INFO None odoo.modules.loading: loading base/views/ir_default_views.xml 
2025-05-23 18:16:50,128 1 INFO None odoo.modules.loading: loading base/data/ir_cron_data.xml 
2025-05-23 18:16:50,157 1 INFO None odoo.modules.loading: loading base/report/ir_model_report.xml 
2025-05-23 18:16:50,173 1 INFO None odoo.modules.loading: loading base/report/ir_model_templates.xml 
2025-05-23 18:16:50,194 1 INFO None odoo.modules.loading: loading base/views/ir_logging_views.xml 
2025-05-23 18:16:50,245 1 INFO None odoo.modules.loading: loading base/views/ir_qweb_widget_templates.xml 
2025-05-23 18:16:50,275 1 INFO None odoo.modules.loading: loading base/views/ir_module_views.xml 
2025-05-23 18:16:50,395 1 INFO None odoo.modules.loading: loading base/data/ir_module_category_data.xml 
2025-05-23 18:16:50,664 1 INFO None odoo.modules.loading: loading base/data/ir_module_module.xml 
2025-05-23 18:16:50,859 1 INFO None odoo.modules.loading: loading base/report/ir_module_reports.xml 
2025-05-23 18:16:50,873 1 INFO None odoo.modules.loading: loading base/report/ir_module_report_templates.xml 
2025-05-23 18:16:50,885 1 INFO None odoo.modules.loading: loading base/wizard/base_module_update_views.xml 
2025-05-23 18:16:50,909 1 INFO None odoo.modules.loading: loading base/wizard/base_language_install_views.xml 
2025-05-23 18:16:50,931 1 INFO None odoo.modules.loading: loading base/wizard/base_import_language_views.xml 
2025-05-23 18:16:50,949 1 INFO None odoo.modules.loading: loading base/wizard/base_module_upgrade_views.xml 
2025-05-23 18:16:50,980 1 INFO None odoo.modules.loading: loading base/wizard/base_module_uninstall_views.xml 
2025-05-23 18:16:50,999 1 INFO None odoo.modules.loading: loading base/wizard/base_export_language_views.xml 
2025-05-23 18:16:51,021 1 INFO None odoo.modules.loading: loading base/wizard/base_partner_merge_views.xml 
2025-05-23 18:16:51,042 1 INFO None odoo.modules.loading: loading base/data/ir_demo_failure_data.xml 
2025-05-23 18:16:51,062 1 INFO None odoo.modules.loading: loading base/views/ir_profile_views.xml 
2025-05-23 18:16:51,104 1 INFO None odoo.modules.loading: loading base/views/res_company_views.xml 
2025-05-23 18:16:51,140 1 INFO None odoo.modules.loading: loading base/views/res_lang_views.xml 
2025-05-23 18:16:51,176 1 INFO None odoo.modules.loading: loading base/views/res_partner_views.xml 
2025-05-23 18:16:51,439 1 INFO None odoo.modules.loading: loading base/views/res_bank_views.xml 
2025-05-23 18:16:51,500 1 INFO None odoo.modules.loading: loading base/views/res_country_views.xml 
2025-05-23 18:16:51,577 1 INFO None odoo.modules.loading: loading base/views/res_currency_views.xml 
2025-05-23 18:16:51,669 1 INFO None odoo.modules.loading: loading base/views/res_users_views.xml 
2025-05-23 18:16:51,900 1 INFO None odoo.modules.loading: loading base/views/res_users_identitycheck_views.xml 
2025-05-23 18:16:51,913 1 INFO None odoo.modules.loading: loading base/views/ir_property_views.xml 
2025-05-23 18:16:51,951 1 INFO None odoo.modules.loading: loading base/views/res_config_settings_views.xml 
2025-05-23 18:16:51,961 1 INFO None odoo.modules.loading: loading base/views/report_paperformat_views.xml 
2025-05-23 18:16:52,034 1 INFO None odoo.modules.loading: loading base/security/ir.model.access.csv 
2025-05-23 18:16:52,400 1 INFO None odoo.modules.loading: Module base loaded in 21.18s, 7941 queries (+7941 other) 
2025-05-23 18:16:52,401 1 INFO None odoo.modules.loading: 1 modules loaded in 21.19s, 7941 queries (+7941 extra) 
2025-05-23 18:16:52,450 1 INFO None odoo.modules.loading: updating modules list 
2025-05-23 18:16:52,450 1 INFO None odoo.addons.base.models.ir_module: ALLOW access to module.update_list on [] to user __system__ #1 via n/a 
2025-05-23 18:16:54,872 1 INFO None odoo.modules.loading: loading 11 modules... 
2025-05-23 18:16:54,872 1 INFO None odoo.modules.loading: Loading module web (2/11) 
2025-05-23 18:16:54,916 1 INFO None odoo.modules.registry: module web: creating or updating database tables 
2025-05-23 18:16:56,566 1 INFO None odoo.modules.loading: loading web/security/ir.model.access.csv 
2025-05-23 18:16:56,592 1 INFO None odoo.modules.loading: loading web/views/webclient_templates.xml 
2025-05-23 18:16:56,726 1 INFO None odoo.modules.loading: loading web/views/report_templates.xml 
2025-05-23 18:16:57,006 1 INFO None odoo.modules.loading: loading web/views/base_document_layout_views.xml 
2025-05-23 18:16:57,031 1 INFO None odoo.modules.loading: loading web/views/partner_view.xml 
2025-05-23 18:16:57,040 1 INFO None odoo.modules.loading: loading web/views/speedscope_template.xml 
2025-05-23 18:16:57,050 1 INFO None odoo.modules.loading: loading web/views/neutralize_views.xml 
2025-05-23 18:16:57,063 1 INFO None odoo.modules.loading: loading web/data/ir_attachment.xml 
2025-05-23 18:16:57,078 1 INFO None odoo.modules.loading: loading web/data/report_layout.xml 
2025-05-23 18:16:57,187 1 INFO None odoo.modules.loading: Module web loaded in 2.31s, 989 queries (+989 other) 
2025-05-23 18:16:57,188 1 INFO None odoo.modules.loading: Loading module auth_totp (3/11) 
2025-05-23 18:16:57,267 1 INFO None odoo.modules.registry: module auth_totp: creating or updating database tables 
2025-05-23 18:16:57,580 1 INFO None odoo.modules.loading: loading auth_totp/security/security.xml 
2025-05-23 18:16:57,641 1 INFO None odoo.modules.loading: loading auth_totp/security/ir.model.access.csv 
2025-05-23 18:16:57,660 1 INFO None odoo.modules.loading: loading auth_totp/data/ir_action_data.xml 
2025-05-23 18:16:57,675 1 INFO None odoo.modules.loading: loading auth_totp/views/res_users_views.xml 
2025-05-23 18:16:57,737 1 INFO None odoo.modules.loading: loading auth_totp/views/templates.xml 
2025-05-23 18:16:57,747 1 INFO None odoo.modules.loading: loading auth_totp/wizard/auth_totp_wizard_views.xml 
2025-05-23 18:16:57,816 1 INFO None odoo.modules.loading: Module auth_totp loaded in 0.63s, 179 queries (+179 other) 
2025-05-23 18:16:57,816 1 INFO None odoo.modules.loading: Loading module base_import (4/11) 
2025-05-23 18:16:58,099 1 INFO None odoo.modules.registry: module base_import: creating or updating database tables 
2025-05-23 18:16:59,838 1 INFO None odoo.modules.loading: loading base_import/security/ir.model.access.csv 
2025-05-23 18:16:59,893 1 INFO None odoo.modules.loading: Module base_import loaded in 2.08s, 801 queries (+801 other) 
2025-05-23 18:16:59,894 1 INFO None odoo.modules.loading: Loading module base_import_module (5/11) 
2025-05-23 18:16:59,958 1 INFO None odoo.modules.registry: module base_import_module: creating or updating database tables 
2025-05-23 18:17:00,200 1 INFO None odoo.modules.loading: loading base_import_module/security/ir.model.access.csv 
2025-05-23 18:17:00,234 1 INFO None odoo.modules.loading: loading base_import_module/views/base_import_module_view.xml 
2025-05-23 18:17:00,272 1 INFO None odoo.modules.loading: loading base_import_module/views/ir_module_views.xml 
2025-05-23 18:17:00,390 1 INFO None odoo.modules.loading: Module base_import_module loaded in 0.50s, 154 queries (+154 other) 
2025-05-23 18:17:00,390 1 INFO None odoo.modules.loading: Loading module base_setup (6/11) 
2025-05-23 18:17:00,433 1 INFO None odoo.modules.registry: module base_setup: creating or updating database tables 
2025-05-23 18:17:00,534 1 INFO None odoo.modules.loading: loading base_setup/data/base_setup_data.xml 
2025-05-23 18:17:00,546 1 INFO None odoo.modules.loading: loading base_setup/views/res_config_settings_views.xml 
2025-05-23 18:17:00,619 1 INFO None odoo.modules.loading: loading base_setup/views/res_partner_views.xml 
2025-05-23 18:17:00,691 1 INFO None odoo.modules.loading: Module base_setup loaded in 0.30s, 139 queries (+139 other) 
2025-05-23 18:17:00,691 1 INFO None odoo.modules.loading: Loading module bus (7/11) 
2025-05-23 18:17:00,803 1 INFO None odoo.modules.registry: module bus: creating or updating database tables 
2025-05-23 18:17:01,237 1 INFO None odoo.modules.loading: loading bus/security/ir.model.access.csv 
2025-05-23 18:17:01,317 1 INFO None odoo.modules.loading: Module bus loaded in 0.63s, 116 queries (+116 other) 
2025-05-23 18:17:01,317 1 INFO None odoo.modules.loading: Loading module web_tour (8/11) 
2025-05-23 18:17:01,427 1 INFO None odoo.modules.registry: module web_tour: creating or updating database tables 
2025-05-23 18:17:01,575 1 INFO None odoo.modules.loading: loading web_tour/security/ir.model.access.csv 
2025-05-23 18:17:01,608 1 INFO None odoo.modules.loading: loading web_tour/security/ir.rule.csv 
2025-05-23 18:17:01,628 1 INFO None odoo.modules.loading: loading web_tour/views/tour_views.xml 
2025-05-23 18:17:01,739 1 INFO None odoo.modules.loading: Module web_tour loaded in 0.42s, 104 queries (+104 other) 
2025-05-23 18:17:01,740 1 INFO None odoo.modules.loading: Loading module iap (9/11) 
2025-05-23 18:17:01,808 1 INFO None odoo.modules.registry: module iap: creating or updating database tables 
2025-05-23 18:17:02,165 1 INFO None odoo.modules.loading: loading iap/security/ir.model.access.csv 
2025-05-23 18:17:02,198 1 INFO None odoo.modules.loading: loading iap/security/ir_rule.xml 
2025-05-23 18:17:02,229 1 INFO None odoo.modules.loading: loading iap/views/iap_views.xml 
2025-05-23 18:17:02,285 1 INFO None odoo.modules.loading: loading iap/views/res_config_settings.xml 
2025-05-23 18:17:02,399 1 INFO None odoo.modules.loading: Module iap loaded in 0.66s, 151 queries (+151 other) 
2025-05-23 18:17:02,400 1 INFO None odoo.modules.loading: Loading module web_editor (10/11) 
2025-05-23 18:17:02,487 1 INFO None odoo.modules.registry: module web_editor: creating or updating database tables 
2025-05-23 18:17:04,071 1 INFO None odoo.modules.loading: loading web_editor/security/ir.model.access.csv 
2025-05-23 18:17:04,090 1 INFO None odoo.modules.loading: loading web_editor/data/editor_assets.xml 
2025-05-23 18:17:04,098 1 INFO None odoo.modules.loading: loading web_editor/views/editor.xml 
2025-05-23 18:17:04,126 1 INFO None odoo.modules.loading: loading web_editor/views/snippets.xml 
2025-05-23 18:17:04,306 1 INFO None odoo.modules.loading: Module web_editor loaded in 1.91s, 907 queries (+907 other) 
2025-05-23 18:17:04,307 1 INFO None odoo.modules.loading: Loading module web_unsplash (11/11) 
2025-05-23 18:17:04,352 1 INFO None odoo.modules.registry: module web_unsplash: creating or updating database tables 
2025-05-23 18:17:04,431 1 INFO None odoo.modules.loading: loading web_unsplash/views/res_config_settings_view.xml 
2025-05-23 18:17:04,500 1 INFO None odoo.modules.loading: Module web_unsplash loaded in 0.19s, 95 queries (+95 other) 
2025-05-23 18:17:04,500 1 INFO None odoo.modules.loading: 11 modules loaded in 9.63s, 3635 queries (+3635 extra) 
2025-05-23 18:17:05,026 1 INFO None odoo.modules.loading: Modules loaded. 
2025-05-23 18:17:05,041 1 INFO None odoo.modules.registry: Registry loaded in 33.854s 
2025-05-23 18:17:06,808 1 INFO None odoo.addons.base.models.res_users: Login successful for db:lithws login:admin from 172.26.0.1 
2025-05-23 18:17:06,848 1 INFO None werkzeug: 172.26.0.1 - - [23/May/2025 18:17:06] "POST /web/database/create HTTP/1.1" 303 - 17834 25.268 13.712
2025-05-23 18:17:06,866 1 INFO lithws odoo.addons.base.models.ir_http: Generating routing map for key None 
2025-05-23 18:17:06,954 1 INFO lithws werkzeug: 172.26.0.1 - - [23/May/2025 18:17:06] "GET /web HTTP/1.1" 303 - 5 0.005 0.086
2025-05-23 18:17:07,401 1 INFO lithws werkzeug: 172.26.0.1 - - [23/May/2025 18:17:07] "GET /web/login HTTP/1.1" 200 - 51 0.058 0.354
2025-05-23 18:17:07,566 1 INFO lithws werkzeug: 172.26.0.1 - - [23/May/2025 18:17:07] "GET /web/binary/company_logo HTTP/1.1" 200 - 2 0.011 0.054
2025-05-23 18:17:07,996 1 INFO lithws werkzeug: 172.26.0.1 - - [23/May/2025 18:17:07] "GET /web/webclient/translations/1748024227962 HTTP/1.1" 200 - 4 0.006 0.013
2025-05-23 18:17:10,052 1 INFO lithws werkzeug: 172.26.0.1 - - [23/May/2025 18:17:10] "GET /web/service-worker.js HTTP/1.1" 200 - 2 0.003 0.010
2025-05-23 18:17:29,542 1 INFO lithws odoo.addons.base.models.res_users: Login successful for db:lithws login:admin from 172.26.0.1 
2025-05-23 18:17:29,581 1 INFO lithws werkzeug: 172.26.0.1 - - [23/May/2025 18:17:29] "POST /web/login HTTP/1.1" 303 - 35 0.096 3.555
2025-05-23 18:17:30,648 1 INFO lithws werkzeug: 172.26.0.1 - - [23/May/2025 18:17:30] "GET /web HTTP/1.1" 200 - 63 0.158 0.872
2025-05-23 18:17:32,305 1 INFO lithws odoo.addons.base.models.assetsbundle: Generating a new asset bundle attachment /web/assets/ba037c6/bus.websocket_worker_assets.min.js (id:14) 
2025-05-23 18:17:32,324 1 INFO lithws werkzeug: 172.26.0.1 - - [23/May/2025 18:17:32] "GET /bus/websocket_worker_bundle?v=17.0-1 HTTP/1.1" 200 - 11 0.013 0.053
2025-05-23 18:17:32,426 1 INFO lithws werkzeug: 172.26.0.1 - - [23/May/2025 18:17:32] "GET /web/image?model=res.users&field=avatar_128&id=2 HTTP/1.1" 200 - 8 0.028 0.046
2025-05-23 18:17:32,473 1 INFO lithws werkzeug: 172.26.0.1 - - [23/May/2025 18:17:32] "GET /websocket?version=17.0-1 HTTP/1.1" 101 - 1 0.001 0.040
2025-05-23 18:17:32,479 1 INFO lithws werkzeug: 172.26.0.1 - - [23/May/2025 18:17:32] "POST /web/action/load HTTP/1.1" 200 - 9 0.049 0.080
2025-05-23 18:17:32,578 1 INFO lithws werkzeug: 172.26.0.1 - - [23/May/2025 18:17:32] "GET /web/manifest.webmanifest HTTP/1.1" 200 - 7 0.017 0.034
2025-05-23 18:17:32,808 1 INFO ? odoo.addons.bus.models.bus: Bus.loop listen imbus on db postgres 
2025-05-23 18:17:32,924 1 INFO lithws werkzeug: 172.26.0.1 - - [23/May/2025 18:17:32] "POST /web/dataset/call_kw/ir.module.module/get_views HTTP/1.1" 200 - 47 0.089 0.161
2025-05-23 18:17:33,245 1 INFO lithws werkzeug: 172.26.0.1 - - [23/May/2025 18:17:33] "POST /web/dataset/call_kw/ir.module.module/search_panel_select_range HTTP/1.1" 200 - 1 0.007 0.267
2025-05-23 18:17:33,471 1 INFO lithws werkzeug: 172.26.0.1 - - [23/May/2025 18:17:33] "POST /web/dataset/call_kw/ir.module.module/search_panel_select_range HTTP/1.1" 200 - 49 0.198 0.299
2025-05-23 18:17:33,592 1 INFO lithws werkzeug: 172.26.0.1 - - [23/May/2025 18:17:33] "POST /web/dataset/call_kw/ir.module.module/web_search_read HTTP/1.1" 200 - 3 0.021 0.569
2025-05-23 18:17:34,027 1 INFO ? werkzeug: 172.26.0.1 - - [23/May/2025 18:17:34] "GET /ashewa_icons/static/description/icon.png HTTP/1.1" 200 - 0 0.000 0.009
2025-05-23 18:17:34,030 1 INFO ? werkzeug: 172.26.0.1 - - [23/May/2025 18:17:34] "GET /update_app_icons/static/description/icon.png HTTP/1.1" 200 - 0 0.000 0.009
2025-05-23 18:17:34,033 1 INFO ? werkzeug: 172.26.0.1 - - [23/May/2025 18:17:34] "GET /kolpolok_custom_title_and_favicon/static/description/icon.png HTTP/1.1" 200 - 0 0.000 0.013
2025-05-23 18:17:34,054 1 INFO ? werkzeug: 172.26.0.1 - - [23/May/2025 18:17:34] "GET /clarity_backend_theme_bits/static/description/icon.png HTTP/1.1" 200 - 0 0.000 0.006
2025-05-23 18:17:35,379 1 INFO lithws werkzeug: 172.26.0.1 - - [23/May/2025 18:17:35] "POST /web/dataset/call_kw/ir.module.module/search_panel_select_range HTTP/1.1" 200 - 45 0.132 0.122
2025-05-23 18:17:35,532 1 INFO lithws werkzeug: 172.26.0.1 - - [23/May/2025 18:17:35] "POST /web/dataset/call_kw/ir.module.module/web_search_read HTTP/1.1" 200 - 4 0.041 0.350
2025-05-23 18:17:36,132 1 INFO lithws werkzeug: 172.26.0.1 - - [23/May/2025 18:17:36] "GET /web/service-worker.js HTTP/1.1" 200 - 1 0.001 0.013
2025-05-23 18:17:39,615 1 INFO lithws werkzeug: 172.26.0.1 - - [23/May/2025 18:17:39] "POST /web/dataset/call_kw/ir.module.module/search_panel_select_range HTTP/1.1" 200 - 45 0.079 0.106
2025-05-23 18:17:39,722 1 INFO lithws werkzeug: 172.26.0.1 - - [23/May/2025 18:17:39] "POST /web/dataset/call_kw/ir.module.module/web_search_read HTTP/1.1" 200 - 3 0.019 0.045
2025-05-23 18:17:39,902 1 INFO ? werkzeug: 172.26.0.1 - - [23/May/2025 18:17:39] "GET /muk_web_colors/static/description/icon.png HTTP/1.1" 200 - 0 0.000 0.056
2025-05-23 18:17:39,903 1 INFO ? werkzeug: 172.26.0.1 - - [23/May/2025 18:17:39] "GET /muk_web_chatter/static/description/icon.png HTTP/1.1" 200 - 0 0.000 0.053
2025-05-23 18:17:39,908 1 INFO ? werkzeug: 172.26.0.1 - - [23/May/2025 18:17:39] "GET /muk_web_dialog/static/description/icon.png HTTP/1.1" 200 - 0 0.000 0.049
2025-05-23 18:17:39,916 1 INFO ? werkzeug: 172.26.0.1 - - [23/May/2025 18:17:39] "GET /muk_web_appsbar/static/description/icon.png HTTP/1.1" 200 - 0 0.000 0.075
2025-05-23 18:17:39,917 1 INFO ? werkzeug: 172.26.0.1 - - [23/May/2025 18:17:39] "GET /muk_web_theme/static/description/icon.png HTTP/1.1" 200 - 0 0.000 0.064
2025-05-23 18:17:42,624 1 INFO lithws odoo.addons.base.models.ir_module: ALLOW access to module.button_immediate_install on ['MuK Backend Theme'] to user admin #2 via 172.26.0.1 
2025-05-23 18:17:42,625 1 INFO lithws odoo.addons.base.models.ir_module: User #2 triggered module installation 
2025-05-23 18:17:42,628 1 INFO lithws odoo.addons.base.models.ir_module: ALLOW access to module.button_install on ['MuK Backend Theme'] to user admin #2 via 172.26.0.1 
2025-05-23 18:17:43,310 1 INFO lithws odoo.modules.loading: loading 1 modules... 
2025-05-23 18:17:43,371 1 INFO lithws odoo.modules.loading: 1 modules loaded in 0.06s, 0 queries (+0 extra) 
2025-05-23 18:17:43,618 1 INFO lithws odoo.modules.loading: updating modules list 
2025-05-23 18:17:43,621 1 INFO lithws odoo.addons.base.models.ir_module: ALLOW access to module.update_list on [] to user __system__ #1 via 172.26.0.1 
2025-05-23 18:17:45,831 1 INFO lithws odoo.modules.loading: loading 11 modules... 
2025-05-23 18:17:45,844 1 INFO lithws odoo.modules.loading: 11 modules loaded in 0.01s, 0 queries (+0 extra) 
2025-05-23 18:17:45,848 1 INFO lithws odoo.modules.loading: loading 28 modules... 
2025-05-23 18:17:45,849 1 INFO lithws odoo.modules.loading: Loading module muk_web_dialog (8/28) 
2025-05-23 18:17:45,938 1 INFO lithws odoo.modules.registry: module muk_web_dialog: creating or updating database tables 
2025-05-23 18:17:46,053 1 INFO lithws odoo.modules.loading: loading muk_web_dialog/views/res_users.xml 
2025-05-23 18:17:46,128 1 INFO lithws odoo.modules.loading: Module muk_web_dialog loaded in 0.28s, 70 queries (+70 other) 
2025-05-23 18:17:46,128 1 INFO lithws odoo.modules.loading: Loading module mail (11/28) 
2025-05-23 18:17:46,419 1 INFO lithws odoo.modules.registry: module mail: creating or updating database tables 
2025-05-23 18:17:49,776 1 INFO lithws odoo.models: Prepare computation of ir.actions.server.partner_ids 
2025-05-23 18:17:49,777 1 INFO lithws odoo.models: Prepare computation of ir.actions.server.template_id 
2025-05-23 18:17:49,778 1 INFO lithws odoo.models: Prepare computation of ir.actions.server.activity_type_id 
2025-05-23 18:17:49,778 1 INFO lithws odoo.models: Prepare computation of ir.actions.server.activity_date_deadline_range 
2025-05-23 18:17:49,779 1 INFO lithws odoo.models: Prepare computation of ir.actions.server.activity_user_id 
2025-05-23 18:17:49,779 1 INFO lithws odoo.models: Prepare computation of ir.actions.server.mail_post_method 
2025-05-23 18:17:49,780 1 INFO lithws odoo.models: Prepare computation of ir.actions.server.activity_summary 
2025-05-23 18:17:49,781 1 INFO lithws odoo.models: Prepare computation of ir.actions.server.activity_date_deadline_range_type 
2025-05-23 18:17:49,781 1 INFO lithws odoo.models: Prepare computation of ir.actions.server.activity_user_type 
2025-05-23 18:17:49,781 1 INFO lithws odoo.models: Prepare computation of ir.actions.server.activity_user_field_name 
2025-05-23 18:17:49,782 1 INFO lithws odoo.models: Prepare computation of ir.actions.server.activity_note 
2025-05-23 18:17:49,782 1 INFO lithws odoo.models: Prepare computation of ir.actions.server.mail_post_autofollow 
2025-05-23 18:17:50,039 1 INFO lithws odoo.models: Prepare computation of res.company.email_primary_color 
2025-05-23 18:17:50,039 1 INFO lithws odoo.models: Prepare computation of res.company.email_secondary_color 
2025-05-23 18:17:50,094 1 INFO lithws odoo.models: Prepare computation of res.users.notification_type 
2025-05-23 18:17:51,184 1 INFO lithws odoo.models: Prepare computation of res.partner.email_normalized 
2025-05-23 18:17:57,332 1 INFO lithws odoo.modules.loading: loading mail/data/mail_groups.xml 
2025-05-23 18:17:57,894 1 INFO lithws odoo.modules.loading: loading mail/wizard/mail_activity_schedule_views.xml 
2025-05-23 18:17:57,923 1 INFO lithws odoo.modules.loading: loading mail/wizard/mail_blacklist_remove_views.xml 
2025-05-23 18:17:57,940 1 INFO lithws odoo.modules.loading: loading mail/wizard/mail_compose_message_views.xml 
2025-05-23 18:17:57,977 1 INFO lithws odoo.modules.loading: loading mail/wizard/mail_resend_message_views.xml 
2025-05-23 18:17:57,999 1 INFO lithws odoo.modules.loading: loading mail/wizard/mail_resend_partner_views.xml 
2025-05-23 18:17:58,024 1 INFO lithws odoo.modules.loading: loading mail/wizard/mail_template_preview_views.xml 
2025-05-23 18:17:58,059 1 INFO lithws odoo.modules.loading: loading mail/wizard/mail_wizard_invite_views.xml 
2025-05-23 18:17:58,089 1 INFO lithws odoo.modules.loading: loading mail/wizard/mail_template_reset_views.xml 
2025-05-23 18:17:58,123 1 INFO lithws odoo.modules.loading: loading mail/views/fetchmail_views.xml 
2025-05-23 18:17:58,192 1 INFO lithws odoo.modules.loading: loading mail/views/mail_message_subtype_views.xml 
2025-05-23 18:17:58,221 1 INFO lithws odoo.modules.loading: loading mail/views/mail_tracking_value_views.xml 
2025-05-23 18:17:58,246 1 INFO lithws odoo.modules.loading: loading mail/views/mail_notification_views.xml 
2025-05-23 18:17:58,271 1 INFO lithws odoo.modules.loading: loading mail/views/mail_message_views.xml 
2025-05-23 18:17:58,342 1 INFO lithws odoo.modules.loading: loading mail/views/mail_message_schedule_views.xml 
2025-05-23 18:17:58,383 1 INFO lithws odoo.modules.loading: loading mail/views/mail_mail_views.xml 
2025-05-23 18:17:58,523 1 INFO lithws odoo.modules.loading: loading mail/views/mail_followers_views.xml 
2025-05-23 18:17:58,573 1 INFO lithws odoo.modules.loading: loading mail/views/mail_ice_server_views.xml 
2025-05-23 18:17:58,621 1 INFO lithws odoo.modules.loading: loading mail/views/discuss_channel_member_views.xml 
2025-05-23 18:17:58,678 1 INFO lithws odoo.modules.loading: loading mail/views/discuss_channel_rtc_session_views.xml 
2025-05-23 18:17:58,744 1 INFO lithws odoo.modules.loading: loading mail/views/mail_link_preview_views.xml 
2025-05-23 18:17:58,785 1 INFO lithws odoo.modules.loading: loading mail/views/discuss/discuss_gif_favorite_views.xml 
2025-05-23 18:17:58,811 1 INFO lithws odoo.modules.loading: loading mail/views/discuss_channel_views.xml 
2025-05-23 18:17:58,947 1 INFO lithws odoo.modules.loading: loading mail/views/mail_shortcode_views.xml 
2025-05-23 18:17:59,026 1 INFO lithws odoo.modules.loading: loading mail/views/mail_activity_views.xml 
2025-05-23 18:17:59,450 1 INFO lithws odoo.modules.loading: loading mail/views/mail_activity_plan_views.xml 
2025-05-23 18:17:59,552 1 INFO lithws odoo.modules.loading: loading mail/views/mail_activity_plan_template_views.xml 
2025-05-23 18:17:59,586 1 INFO lithws odoo.modules.loading: loading mail/views/res_config_settings_views.xml 
2025-05-23 18:17:59,726 1 INFO lithws odoo.modules.loading: loading mail/data/ir_config_parameter_data.xml 
2025-05-23 18:17:59,749 1 INFO lithws odoo.modules.loading: loading mail/data/res_partner_data.xml 
2025-05-23 18:18:00,143 1 INFO lithws odoo.modules.loading: loading mail/data/mail_message_subtype_data.xml 
2025-05-23 18:18:00,208 1 INFO lithws odoo.modules.loading: loading mail/data/mail_templates_chatter.xml 
2025-05-23 18:18:00,301 1 INFO lithws odoo.modules.loading: loading mail/data/mail_templates_email_layouts.xml 
2025-05-23 18:18:00,412 1 INFO lithws odoo.modules.loading: loading mail/data/mail_templates_mailgateway.xml 
2025-05-23 18:18:00,473 1 INFO lithws odoo.modules.loading: loading mail/data/discuss_channel_data.xml 
2025-05-23 18:18:00,644 1 INFO lithws odoo.modules.loading: loading mail/data/mail_activity_data.xml 
2025-05-23 18:18:00,743 1 INFO lithws odoo.modules.loading: loading mail/data/security_notifications_templates.xml 
2025-05-23 18:18:00,764 1 INFO lithws odoo.modules.loading: loading mail/data/ir_cron_data.xml 
2025-05-23 18:18:00,965 1 INFO lithws odoo.modules.loading: loading mail/security/mail_security.xml 
2025-05-23 18:18:01,615 1 INFO lithws odoo.modules.loading: loading mail/security/ir.model.access.csv 
2025-05-23 18:18:01,945 1 INFO lithws odoo.modules.loading: loading mail/views/discuss_public_templates.xml 
2025-05-23 18:18:01,966 1 INFO lithws odoo.modules.loading: loading mail/views/mail_alias_domain_views.xml 
2025-05-23 18:18:02,036 1 INFO lithws odoo.modules.loading: loading mail/views/mail_alias_views.xml 
2025-05-23 18:18:02,118 1 INFO lithws odoo.modules.loading: loading mail/views/mail_gateway_allowed_views.xml 
2025-05-23 18:18:02,197 1 INFO lithws odoo.modules.loading: loading mail/views/mail_guest_views.xml 
2025-05-23 18:18:02,263 1 INFO lithws odoo.modules.loading: loading mail/views/mail_message_reaction_views.xml 
2025-05-23 18:18:02,329 1 INFO lithws odoo.modules.loading: loading mail/views/mail_templates_public.xml 
2025-05-23 18:18:02,381 1 INFO lithws odoo.modules.loading: loading mail/views/res_users_views.xml 
2025-05-23 18:18:02,447 1 INFO lithws odoo.modules.loading: loading mail/views/res_users_settings_views.xml 
2025-05-23 18:18:02,514 1 INFO lithws odoo.modules.loading: loading mail/views/mail_template_views.xml 
2025-05-23 18:18:02,642 1 INFO lithws odoo.modules.loading: loading mail/views/ir_actions_server_views.xml 
2025-05-23 18:18:02,708 1 INFO lithws odoo.modules.loading: loading mail/views/ir_model_views.xml 
2025-05-23 18:18:02,770 1 INFO lithws odoo.modules.loading: loading mail/views/res_partner_views.xml 
2025-05-23 18:18:02,869 1 INFO lithws odoo.modules.loading: loading mail/views/mail_blacklist_views.xml 
2025-05-23 18:18:02,896 1 INFO lithws odoo.modules.loading: loading mail/views/mail_menus.xml 
2025-05-23 18:18:03,226 1 INFO lithws odoo.modules.loading: loading mail/views/res_company_views.xml 
2025-05-23 18:18:03,333 1 INFO lithws odoo.modules.loading: Module mail loaded in 17.21s, 4070 queries (+4071 other) 
2025-05-23 18:18:03,334 1 INFO lithws odoo.modules.loading: Loading module muk_web_appsbar (12/28) 
2025-05-23 18:18:03,410 1 INFO lithws odoo.modules.registry: module muk_web_appsbar: creating or updating database tables 
2025-05-23 18:18:03,643 1 INFO lithws odoo.modules.loading: loading muk_web_appsbar/templates/webclient.xml 
2025-05-23 18:18:03,697 1 INFO lithws odoo.modules.loading: loading muk_web_appsbar/views/res_users.xml 
2025-05-23 18:18:03,739 1 INFO lithws odoo.modules.loading: loading muk_web_appsbar/views/res_config_settings.xml 
2025-05-23 18:18:03,882 1 INFO lithws odoo.modules.loading: Module muk_web_appsbar loaded in 0.55s, 122 queries (+122 other) 
2025-05-23 18:18:03,882 1 INFO lithws odoo.modules.loading: Loading module auth_signup (14/28) 
2025-05-23 18:18:04,020 1 INFO lithws odoo.modules.registry: module auth_signup: creating or updating database tables 
2025-05-23 18:18:04,164 1 INFO lithws odoo.modules.loading: loading auth_signup/data/ir_config_parameter_data.xml 
2025-05-23 18:18:04,189 1 INFO lithws odoo.modules.loading: loading auth_signup/data/ir_cron_data.xml 
2025-05-23 18:18:04,245 1 INFO lithws odoo.modules.loading: loading auth_signup/data/mail_template_data.xml 
2025-05-23 18:18:04,274 1 INFO lithws odoo.modules.loading: loading auth_signup/views/res_config_settings_views.xml 
2025-05-23 18:18:04,301 1 INFO lithws odoo.modules.loading: loading auth_signup/views/res_users_views.xml 
2025-05-23 18:18:04,342 1 INFO lithws odoo.modules.loading: loading auth_signup/views/auth_signup_login_templates.xml 
2025-05-23 18:18:04,389 1 INFO lithws odoo.modules.loading: loading auth_signup/views/auth_signup_templates_email.xml 
2025-05-23 18:18:04,423 1 INFO lithws odoo.modules.loading: loading auth_signup/views/webclient_templates.xml 
2025-05-23 18:18:04,508 1 INFO lithws odoo.modules.loading: Module auth_signup loaded in 0.63s, 202 queries (+202 other) 
2025-05-23 18:18:04,509 1 INFO lithws odoo.modules.loading: Loading module auth_totp_mail (15/28) 
2025-05-23 18:18:04,707 1 INFO lithws odoo.modules.registry: module auth_totp_mail: creating or updating database tables 
2025-05-23 18:18:04,855 1 INFO lithws odoo.modules.loading: loading auth_totp_mail/data/ir_action_data.xml 
2025-05-23 18:18:04,979 1 INFO lithws odoo.modules.loading: loading auth_totp_mail/data/mail_template_data.xml 
2025-05-23 18:18:05,008 1 INFO lithws odoo.modules.loading: loading auth_totp_mail/data/security_notifications_template.xml 
2025-05-23 18:18:05,063 1 INFO lithws odoo.modules.loading: loading auth_totp_mail/views/res_users_views.xml 
2025-05-23 18:18:05,229 1 INFO lithws odoo.modules.loading: Module auth_totp_mail loaded in 0.72s, 112 queries (+112 other) 
2025-05-23 18:18:05,229 1 INFO lithws odoo.modules.loading: Loading module base_install_request (16/28) 
2025-05-23 18:18:05,333 1 INFO lithws odoo.modules.registry: module base_install_request: creating or updating database tables 
2025-05-23 18:18:05,823 1 INFO lithws odoo.modules.loading: loading base_install_request/security/ir.model.access.csv 
2025-05-23 18:18:05,861 1 INFO lithws odoo.modules.loading: loading base_install_request/wizard/base_module_install_request_views.xml 
2025-05-23 18:18:05,950 1 INFO lithws odoo.modules.loading: loading base_install_request/data/mail_template_data.xml 
2025-05-23 18:18:05,987 1 INFO lithws odoo.modules.loading: loading base_install_request/data/mail_templates_module_install.xml 
2025-05-23 18:18:06,021 1 INFO lithws odoo.modules.loading: loading base_install_request/views/ir_module_module_views.xml 
2025-05-23 18:18:06,195 1 INFO lithws odoo.modules.loading: Module base_install_request loaded in 0.97s, 139 queries (+139 other) 
2025-05-23 18:18:06,196 1 INFO lithws odoo.modules.loading: Loading module google_gmail (17/28) 
2025-05-23 18:18:06,357 1 INFO lithws odoo.modules.registry: module google_gmail: creating or updating database tables 
2025-05-23 18:18:06,619 1 INFO lithws odoo.modules.loading: loading google_gmail/views/fetchmail_server_views.xml 
2025-05-23 18:18:06,679 1 INFO lithws odoo.modules.loading: loading google_gmail/views/ir_mail_server_views.xml 
2025-05-23 18:18:06,720 1 INFO lithws odoo.modules.loading: loading google_gmail/views/res_config_settings_views.xml 
2025-05-23 18:18:06,874 1 INFO lithws odoo.modules.loading: Module google_gmail loaded in 0.68s, 118 queries (+118 other) 
2025-05-23 18:18:06,875 1 INFO lithws odoo.modules.loading: Loading module iap_mail (18/28) 
2025-05-23 18:18:07,068 1 INFO lithws odoo.modules.registry: module iap_mail: creating or updating database tables 
2025-05-23 18:18:07,144 1 INFO lithws odoo.modules.loading: loading iap_mail/data/mail_templates.xml 
2025-05-23 18:18:07,291 1 INFO lithws odoo.modules.loading: Module iap_mail loaded in 0.42s, 36 queries (+36 other) 
2025-05-23 18:18:07,292 1 INFO lithws odoo.modules.loading: Loading module mail_bot (19/28) 
2025-05-23 18:18:07,403 1 INFO lithws odoo.modules.registry: module mail_bot: creating or updating database tables 
2025-05-23 18:18:07,665 1 INFO lithws odoo.modules.loading: loading mail_bot/views/res_users_views.xml 
2025-05-23 18:18:07,776 1 INFO lithws odoo.modules.loading: loading mail_bot/data/mailbot_data.xml 
2025-05-23 18:18:07,882 1 INFO lithws odoo.modules.loading: Module mail_bot loaded in 0.59s, 156 queries (+156 other) 
2025-05-23 18:18:07,883 1 INFO lithws odoo.modules.loading: Loading module muk_web_chatter (20/28) 
2025-05-23 18:18:08,057 1 INFO lithws odoo.modules.registry: module muk_web_chatter: creating or updating database tables 
2025-05-23 18:18:08,171 1 INFO lithws odoo.modules.loading: loading muk_web_chatter/views/res_users.xml 
2025-05-23 18:18:08,276 1 INFO lithws odoo.modules.loading: Module muk_web_chatter loaded in 0.39s, 74 queries (+74 other) 
2025-05-23 18:18:08,276 1 INFO lithws odoo.modules.loading: Loading module muk_web_colors (21/28) 
2025-05-23 18:18:08,440 1 INFO lithws odoo.modules.registry: module muk_web_colors: creating or updating database tables 
2025-05-23 18:18:08,653 1 INFO lithws odoo.modules.loading: loading muk_web_colors/templates/webclient.xml 
2025-05-23 18:18:08,705 1 INFO lithws odoo.modules.loading: loading muk_web_colors/views/res_config_settings.xml 
2025-05-23 18:18:08,813 1 INFO lithws odoo.modules.loading: Module muk_web_colors loaded in 0.54s, 85 queries (+85 other) 
2025-05-23 18:18:08,814 1 INFO lithws odoo.modules.loading: Loading module phone_validation (22/28) 
2025-05-23 18:18:09,118 1 INFO lithws odoo.modules.registry: module phone_validation: creating or updating database tables 
2025-05-23 18:18:12,384 1 INFO lithws odoo.modules.loading: loading phone_validation/security/ir.model.access.csv 
2025-05-23 18:18:12,399 1 INFO lithws odoo.modules.loading: loading phone_validation/views/phone_blacklist_views.xml 
2025-05-23 18:18:12,470 1 INFO lithws odoo.modules.loading: loading phone_validation/wizard/phone_blacklist_remove_view.xml 
2025-05-23 18:18:12,592 1 INFO lithws odoo.modules.loading: Module phone_validation loaded in 3.78s, 1295 queries (+1295 other) 
2025-05-23 18:18:12,592 1 INFO lithws odoo.modules.loading: Loading module privacy_lookup (23/28) 
2025-05-23 18:18:12,842 1 INFO lithws odoo.modules.registry: module privacy_lookup: creating or updating database tables 
2025-05-23 18:18:13,480 1 INFO lithws odoo.modules.loading: loading privacy_lookup/wizard/privacy_lookup_wizard_views.xml 
2025-05-23 18:18:13,655 1 INFO lithws odoo.modules.loading: loading privacy_lookup/views/privacy_log_views.xml 
2025-05-23 18:18:13,771 1 INFO lithws odoo.modules.loading: loading privacy_lookup/security/ir.model.access.csv 
2025-05-23 18:18:13,837 1 INFO lithws odoo.modules.loading: loading privacy_lookup/data/ir_actions_server_data.xml 
2025-05-23 18:18:14,003 1 INFO lithws odoo.modules.loading: Module privacy_lookup loaded in 1.41s, 241 queries (+241 other) 
2025-05-23 18:18:14,004 1 INFO lithws odoo.modules.loading: Loading module muk_web_theme (25/28) 
2025-05-23 18:18:14,223 1 INFO lithws odoo.modules.registry: module muk_web_theme: creating or updating database tables 
2025-05-23 18:18:14,331 1 INFO lithws odoo.modules.loading: loading muk_web_theme/templates/web_layout.xml 
2025-05-23 18:18:14,346 1 INFO lithws odoo.modules.loading: loading muk_web_theme/views/res_config_settings.xml 
2025-05-23 18:18:14,522 1 INFO lithws odoo.modules.loading: Module muk_web_theme loaded in 0.52s, 102 queries (+102 other) 
2025-05-23 18:18:14,522 1 INFO lithws odoo.modules.loading: Loading module partner_autocomplete (26/28) 
2025-05-23 18:18:14,615 1 INFO lithws odoo.modules.registry: module partner_autocomplete: creating or updating database tables 
2025-05-23 18:18:15,109 1 INFO lithws odoo.modules.loading: loading partner_autocomplete/security/ir.model.access.csv 
2025-05-23 18:18:15,160 1 INFO lithws odoo.modules.loading: loading partner_autocomplete/views/res_partner_views.xml 
2025-05-23 18:18:15,285 1 INFO lithws odoo.modules.loading: loading partner_autocomplete/views/res_company_views.xml 
2025-05-23 18:18:15,331 1 INFO lithws odoo.modules.loading: loading partner_autocomplete/views/res_config_settings_views.xml 
2025-05-23 18:18:15,406 1 INFO lithws odoo.modules.loading: loading partner_autocomplete/data/cron.xml 
2025-05-23 18:18:15,552 1 INFO lithws odoo.modules.loading: Module partner_autocomplete loaded in 1.03s, 191 queries (+191 other) 
2025-05-23 18:18:15,552 1 INFO lithws odoo.modules.loading: Loading module sms (27/28) 
2025-05-23 18:18:15,786 1 INFO lithws odoo.modules.registry: module sms: creating or updating database tables 
2025-05-23 18:18:15,815 1 INFO lithws odoo.models: Prepare computation of ir.actions.server.sms_template_id 
2025-05-23 18:18:15,815 1 INFO lithws odoo.models: Prepare computation of ir.actions.server.sms_method 
2025-05-23 18:18:15,913 1 INFO lithws odoo.models: Prepare computation of res.partner.phone_sanitized 
2025-05-23 18:18:20,862 1 INFO lithws odoo.modules.loading: loading sms/data/ir_cron_data.xml 
2025-05-23 18:18:20,895 1 INFO lithws odoo.modules.loading: loading sms/wizard/sms_composer_views.xml 
2025-05-23 18:18:20,952 1 INFO lithws odoo.modules.loading: loading sms/wizard/sms_template_preview_views.xml 
2025-05-23 18:18:20,985 1 INFO lithws odoo.modules.loading: loading sms/wizard/sms_resend_views.xml 
2025-05-23 18:18:21,041 1 INFO lithws odoo.modules.loading: loading sms/wizard/sms_template_reset_views.xml 
2025-05-23 18:18:21,093 1 INFO lithws odoo.modules.loading: loading sms/views/ir_actions_server_views.xml 
2025-05-23 18:18:21,153 1 INFO lithws odoo.modules.loading: loading sms/views/mail_notification_views.xml 
2025-05-23 18:18:21,232 1 INFO lithws odoo.modules.loading: loading sms/views/res_config_settings_views.xml 
2025-05-23 18:18:21,308 1 INFO lithws odoo.modules.loading: loading sms/views/res_partner_views.xml 
2025-05-23 18:18:21,465 1 INFO lithws odoo.modules.loading: loading sms/views/sms_sms_views.xml 
2025-05-23 18:18:21,577 1 INFO lithws odoo.modules.loading: loading sms/views/sms_template_views.xml 
2025-05-23 18:18:21,671 1 INFO lithws odoo.modules.loading: loading sms/security/ir.model.access.csv 
2025-05-23 18:18:21,789 1 INFO lithws odoo.modules.loading: loading sms/security/sms_security.xml 
2025-05-23 18:18:21,915 1 INFO lithws odoo.modules.loading: Module sms loaded in 6.36s, 1681 queries (+1681 other) 
2025-05-23 18:18:21,916 1 INFO lithws odoo.modules.loading: Loading module snailmail (28/28) 
2025-05-23 18:18:22,089 1 INFO lithws odoo.modules.registry: module snailmail: creating or updating database tables 
2025-05-23 18:18:23,146 1 INFO lithws odoo.modules.loading: loading snailmail/data/snailmail_data.xml 
2025-05-23 18:18:23,221 1 INFO lithws odoo.modules.loading: loading snailmail/views/report_assets.xml 
2025-05-23 18:18:23,321 1 INFO lithws odoo.modules.loading: loading snailmail/views/snailmail_views.xml 
2025-05-23 18:18:23,423 1 INFO lithws odoo.modules.loading: loading snailmail/wizard/snailmail_letter_format_error_views.xml 
2025-05-23 18:18:23,480 1 INFO lithws odoo.modules.loading: loading snailmail/wizard/snailmail_letter_missing_required_fields_views.xml 
2025-05-23 18:18:23,522 1 INFO lithws odoo.modules.loading: loading snailmail/security/ir.model.access.csv 
2025-05-23 18:18:23,697 1 INFO lithws odoo.modules.loading: Module snailmail loaded in 1.78s, 400 queries (+400 other) 
2025-05-23 18:18:23,698 1 INFO lithws odoo.modules.loading: 28 modules loaded in 37.85s, 9094 queries (+9095 extra) 
2025-05-23 18:18:25,979 1 INFO lithws odoo.modules.loading: Modules loaded. 
2025-05-23 18:18:26,021 1 INFO lithws odoo.modules.registry: Registry loaded in 42.772s 
2025-05-23 18:18:26,022 1 INFO lithws odoo.addons.base.models.ir_module: getting next ir.actions.todo() 
2025-05-23 18:18:26,042 1 INFO lithws odoo.modules.registry: Registry changed, signaling through the database 
2025-05-23 18:18:26,045 1 INFO lithws werkzeug: 172.26.0.1 - - [23/May/2025 18:18:26] "POST /web/dataset/call_button HTTP/1.1" 200 - 11230 27.539 15.908
2025-05-23 18:18:26,186 1 INFO lithws odoo.addons.base.models.ir_http: Generating routing map for key None 
2025-05-23 18:18:27,773 1 WARNING lithws odoo.addons.base.models.ir_asset: IrAsset: the path "muk_web_chatter/static/src/core/**/*.js" did not resolve to anything. 
2025-05-23 18:18:28,023 1 INFO lithws werkzeug: 172.26.0.1 - - [23/May/2025 18:18:28] "GET /web HTTP/1.1" 200 - 82 0.254 1.594
2025-05-23 18:18:28,553 1 INFO lithws werkzeug: 172.26.0.1 - - [23/May/2025 18:18:28] "GET /web/webclient/load_menus/8944377c042ec7451b4d162e860744fe59aa361ae927c7053c050b22264041dc HTTP/1.1" 200 - 2 0.060 0.122
2025-05-23 18:18:28,604 1 INFO lithws werkzeug: 172.26.0.1 - - [23/May/2025 18:18:28] "GET /web/webclient/translations/b0acff5fd7558ca83ea4969d0e800b1866f99b43?lang=en_US HTTP/1.1" 200 - 3 0.043 0.167
2025-05-23 18:18:37,039 1 INFO lithws odoo.addons.base.models.assetsbundle: Generating a new asset bundle attachment /web/assets/1deb61d/web.assets_web.min.css (id:24) 
2025-05-23 18:18:37,109 1 INFO lithws werkzeug: 172.26.0.1 - - [23/May/2025 18:18:37] "GET /web/assets/1deb61d/web.assets_web.min.css HTTP/1.1" 200 - 14 0.152 8.720
2025-05-23 18:18:43,100 1 INFO lithws odoo.addons.base.models.assetsbundle: Generating a new asset bundle attachment /web/assets/39b47d5/web.assets_web.min.js (id:25) 
2025-05-23 18:18:43,188 1 INFO lithws werkzeug: 172.26.0.1 - - [23/May/2025 18:18:43] "GET /web/assets/39b47d5/web.assets_web.min.js HTTP/1.1" 200 - 13 0.054 14.893
2025-05-23 18:18:44,838 1 INFO lithws werkzeug: 172.26.0.1 - - [23/May/2025 18:18:44] "GET /bus/websocket_worker_bundle?v=17.0-1 HTTP/1.1" 304 - 4 0.005 0.019
2025-05-23 18:18:44,944 1 INFO lithws odoo.addons.partner_autocomplete.models.res_company: Starting enrich of company My Company (1) 
2025-05-23 18:18:44,982 1 INFO lithws werkzeug: 172.26.0.1 - - [23/May/2025 18:18:44] "POST /web/dataset/call_kw/res.company/iap_enrich_auto HTTP/1.1" 200 - 10 0.027 0.046
2025-05-23 18:18:45,197 1 INFO lithws werkzeug: 172.26.0.1 - - [23/May/2025 18:18:45] "POST /web/dataset/call_kw/res.users/systray_get_activities HTTP/1.1" 200 - 4 0.018 0.021
2025-05-23 18:18:45,394 1 INFO lithws werkzeug: 172.26.0.1 - - [23/May/2025 18:18:45] "GET /web/manifest.webmanifest HTTP/1.1" 200 - 9 0.030 0.055
2025-05-23 18:18:45,396 1 INFO lithws werkzeug: 172.26.0.1 - - [23/May/2025 18:18:45] "GET /web/image/res.company/1/favicon HTTP/1.1" 200 - 10 0.035 0.050
2025-05-23 18:18:45,410 1 INFO lithws werkzeug: 172.26.0.1 - - [23/May/2025 18:18:45] "POST /mail/init_messaging HTTP/1.1" 200 - 89 0.185 0.324
2025-05-23 18:18:45,417 1 INFO lithws werkzeug: 172.26.0.1 - - [23/May/2025 18:18:45] "GET /websocket?version=17.0-1 HTTP/1.1" 101 - 1 0.015 0.085
2025-05-23 18:18:45,494 1 INFO lithws werkzeug: 172.26.0.1 - - [23/May/2025 18:18:45] "POST /mail/load_message_failures HTTP/1.1" 200 - 3 0.005 0.015
2025-05-23 18:18:47,251 1 INFO lithws werkzeug: 172.26.0.1 - - [23/May/2025 18:18:47] "GET /web/service-worker.js HTTP/1.1" 200 - 1 0.004 0.016
2025-05-23 18:18:47,360 1 INFO lithws werkzeug: 172.26.0.1 - - [23/May/2025 18:18:47] "GET /web/offline HTTP/1.1" 200 - 6 0.010 0.036
2025-05-23 18:18:49,988 1 INFO lithws werkzeug: 172.26.0.1 - - [23/May/2025 18:18:49] "POST /web/action/load HTTP/1.1" 200 - 6 0.023 0.048
2025-05-23 18:18:49,996 1 INFO lithws werkzeug: 172.26.0.1 - - [23/May/2025 18:18:49] "GET /web/image?model=res.users&field=avatar_128&id=2 HTTP/1.1" 200 - 8 0.028 0.040
2025-05-23 18:18:50,095 1 INFO lithws werkzeug: 172.26.0.1 - - [23/May/2025 18:18:50] "POST /mail/inbox/messages HTTP/1.1" 200 - 6 0.006 0.008
2025-05-23 18:18:50,151 1 INFO lithws werkzeug: 172.26.0.1 - - [23/May/2025 18:18:50] "GET /discuss/channel/1/avatar_128?unique=471287cc667af977d8cea196661b224260a1fd4b356045e78d9252420529c879c80b9453bfb1c6e8b78be49da59e4f9cf2c5262942d0a71dd0f064c7c95c9bc9 HTTP/1.1" 200 - 4 0.015 0.033
2025-05-23 18:18:50,198 1 INFO lithws werkzeug: 172.26.0.1 - - [23/May/2025 18:18:50] "GET /web/image/res.partner/2/avatar_128?unique=2025-05-23%2018%3A18%3A15 HTTP/1.1" 200 - 7 0.026 0.068
2025-05-23 18:18:57,116 1 INFO ? odoo.service.server: Initiating shutdown 
2025-05-23 18:18:57,116 1 INFO ? odoo.service.server: Hit CTRL-C again or send a second signal to force the shutdown. 
2025-05-23 18:18:57,711 1 INFO ? odoo.sql_db: ConnectionPool(used=0/count=0/max=64): Closed 5 connections  
2025-05-23 18:19:19,027 1 WARNING ? py.warnings: /usr/lib/python3/dist-packages/odoo/tools/config.py:576: DeprecationWarning: The longpolling-port is a deprecated alias to the gevent-port option, please use the latter.
  File "/usr/bin/odoo", line 8, in <module>
    odoo.cli.main()
  File "/usr/lib/python3/dist-packages/odoo/cli/command.py", line 66, in main
    o.run(args)
  File "/usr/lib/python3/dist-packages/odoo/cli/server.py", line 186, in run
    main(args)
  File "/usr/lib/python3/dist-packages/odoo/cli/server.py", line 133, in main
    odoo.tools.config.parse_config(args)
  File "/usr/lib/python3/dist-packages/odoo/tools/config.py", line 390, in parse_config
    self._warn_deprecated_options()
  File "/usr/lib/python3/dist-packages/odoo/tools/config.py", line 576, in _warn_deprecated_options
    warnings.warn(
 
2025-05-23 18:19:19,028 1 INFO ? odoo: Odoo version 17.0-20250401 
2025-05-23 18:19:19,028 1 INFO ? odoo: Using configuration file at /etc/odoo/odoo.conf 
2025-05-23 18:19:19,028 1 INFO ? odoo: addons paths: ['/usr/lib/python3/dist-packages/odoo/addons', '/var/lib/odoo/addons/17.0', '/mnt/extra-addons', '/mnt/extra-themes'] 
2025-05-23 18:19:19,028 1 INFO ? odoo: database: odoo@postgres:5432 
2025-05-23 18:19:19,332 1 INFO ? odoo.addons.base.models.ir_actions_report: Will use the Wkhtmltopdf binary at /usr/local/bin/wkhtmltopdf 
2025-05-23 18:19:19,801 1 INFO ? odoo.service.server: HTTP service (werkzeug) running on 4531a5f620c0:8069 
2025-05-23 18:19:19,804 1 INFO ? odoo.sql_db: Connection to the database failed 
2025-05-23 18:19:19,808 1 INFO ? odoo.sql_db: Connection to the database failed 
2025-05-23 18:19:19,812 1 INFO ? odoo.sql_db: Connection to the database failed 
2025-05-23 18:19:19,818 1 INFO ? odoo.sql_db: Connection to the database failed 
2025-05-23 18:19:21,650 1 INFO ? odoo.sql_db: Connection to the database failed 
2025-05-23 18:19:21,652 1 ERROR ? odoo.http: Exception during request handling. 
Traceback (most recent call last):
  File "/usr/lib/python3/dist-packages/odoo/modules/registry.py", line 87, in __new__
    return cls.registries[db_name]
  File "<decorator-gen-5>", line 2, in __getitem__
  File "/usr/lib/python3/dist-packages/odoo/tools/func.py", line 87, in locked
    return func(inst, *args, **kwargs)
  File "/usr/lib/python3/dist-packages/odoo/tools/lru.py", line 34, in __getitem__
    a = self.d[obj]
KeyError: 'lithws'

During handling of the above exception, another exception occurred:

Traceback (most recent call last):
  File "/usr/lib/python3/dist-packages/odoo/http.py", line 2213, in __call__
    response = request._serve_db()
  File "/usr/lib/python3/dist-packages/odoo/http.py", line 1766, in _serve_db
    self.registry = Registry(self.db).check_signaling()
  File "/usr/lib/python3/dist-packages/odoo/modules/registry.py", line 89, in __new__
    return cls.new(db_name)
  File "<decorator-gen-16>", line 2, in new
  File "/usr/lib/python3/dist-packages/odoo/tools/func.py", line 87, in locked
    return func(inst, *args, **kwargs)
  File "/usr/lib/python3/dist-packages/odoo/modules/registry.py", line 97, in new
    registry.init(db_name)
  File "/usr/lib/python3/dist-packages/odoo/modules/registry.py", line 178, in init
    with closing(self.cursor()) as cr:
  File "/usr/lib/python3/dist-packages/odoo/modules/registry.py", line 946, in cursor
    return self._db.cursor()
  File "/usr/lib/python3/dist-packages/odoo/sql_db.py", line 754, in cursor
    return Cursor(self.__pool, self.__dbname, self.__dsn)
  File "/usr/lib/python3/dist-packages/odoo/sql_db.py", line 267, in __init__
    self._cnx = pool.borrow(dsn)
  File "<decorator-gen-13>", line 2, in borrow
  File "/usr/lib/python3/dist-packages/odoo/tools/func.py", line 87, in locked
    return func(inst, *args, **kwargs)
  File "/usr/lib/python3/dist-packages/odoo/sql_db.py", line 682, in borrow
    result = psycopg2.connect(
  File "/usr/lib/python3/dist-packages/psycopg2/__init__.py", line 122, in connect
    conn = _connect(dsn, connection_factory=connection_factory, **kwasync)
psycopg2.OperationalError: connection to server at "postgres" (172.26.0.2), port 5432 failed: FATAL:  the database system is starting up

2025-05-23 18:19:21,660 1 INFO ? werkzeug: 172.26.0.1 - - [23/May/2025 18:19:21] "GET /web HTTP/1.1" 500 - 0 0.000 0.020
2025-05-23 18:19:21,885 1 INFO ? odoo.sql_db: Connection to the database failed 
2025-05-23 18:19:22,412 1 WARNING ? odoo.modules.module: Missing `license` key in manifest for 'odoo_whatsapp_integration', defaulting to LGPL-3 
2025-05-23 18:19:22,460 1 INFO ? werkzeug: 172.26.0.1 - - [23/May/2025 18:19:22] "GET /web/image/website/1/favicon?unique=da30668 HTTP/1.1" 404 - 0 0.000 0.584
2025-05-23 18:19:23,059 1 INFO ? odoo.sql_db: Connection to the database failed 
2025-05-23 18:19:23,070 1 INFO ? odoo.sql_db: Connection to the database failed 
2025-05-23 18:19:23,072 1 INFO ? werkzeug: 172.26.0.1 - - [23/May/2025 18:19:23] "GET /web HTTP/1.1" 303 - 0 0.000 0.021
2025-05-23 18:19:23,106 1 INFO ? odoo.sql_db: Connection to the database failed 
2025-05-23 18:19:23,144 1 INFO ? odoo.sql_db: Connection to the database failed 
2025-05-23 18:19:23,369 1 INFO ? werkzeug: 172.26.0.1 - - [23/May/2025 18:19:23] "GET /web/database/selector HTTP/1.1" 200 - 0 0.000 0.271
2025-05-23 18:19:23,470 1 INFO ? odoo.sql_db: Connection to the database failed 
2025-05-23 18:19:23,471 1 INFO ? werkzeug: 172.26.0.1 - - [23/May/2025 18:19:23] "GET /web/service-worker.js HTTP/1.1" 404 - 0 0.000 0.005
2025-05-23 18:19:25,098 1 INFO ? odoo.sql_db: Connection to the database failed 
2025-05-23 18:19:25,100 1 INFO ? werkzeug: 172.26.0.1 - - [23/May/2025 18:19:25] "GET /web/service-worker.js HTTP/1.1" 404 - 0 0.000 0.007
2025-05-23 18:22:49,008 1 INFO ? odoo.modules.loading: loading 1 modules... 
2025-05-23 18:22:49,044 1 INFO ? odoo.modules.loading: 1 modules loaded in 0.04s, 0 queries (+0 extra) 
2025-05-23 18:22:49,061 1 INFO ? odoo.modules.loading: loading 28 modules... 
2025-05-23 18:22:49,569 1 INFO ? odoo.modules.loading: 28 modules loaded in 0.51s, 0 queries (+0 extra) 
2025-05-23 18:22:49,677 1 INFO ? odoo.modules.loading: Modules loaded. 
2025-05-23 18:22:49,682 1 INFO ? odoo.modules.registry: Registry loaded in 0.767s 
2025-05-23 18:22:49,684 1 INFO lithws odoo.addons.base.models.ir_http: Generating routing map for key None 
2025-05-23 18:22:50,829 1 INFO None odoo.service.db: Create database `lithws`. 
2025-05-23 18:22:50,856 1 ERROR None odoo.addons.web.controllers.database: Database creation error. 
Traceback (most recent call last):
  File "/usr/lib/python3/dist-packages/odoo/addons/web/controllers/database.py", line 81, in create
    dispatch_rpc('db', 'create_database', [master_pwd, name, bool(post.get('demo')), lang, password, post['login'], country_code, post['phone']])
  File "/usr/lib/python3/dist-packages/odoo/http.py", line 389, in dispatch_rpc
    return dispatch(method, params)
  File "/usr/lib/python3/dist-packages/odoo/service/db.py", line 488, in dispatch
    return g[exp_method_name](*params)
  File "<decorator-gen-20>", line 2, in exp_create_database
  File "/usr/lib/python3/dist-packages/odoo/service/db.py", line 43, in if_db_mgt_enabled
    return method(self, *args, **kwargs)
  File "/usr/lib/python3/dist-packages/odoo/service/db.py", line 148, in exp_create_database
    _create_empty_database(db_name)
  File "/usr/lib/python3/dist-packages/odoo/service/db.py", line 106, in _create_empty_database
    raise DatabaseExists("database %r already exists!" % (name,))
odoo.service.db.DatabaseExists: database 'lithws' already exists!
2025-05-23 18:22:52,051 1 INFO None werkzeug: 172.26.0.1 - - [23/May/2025 18:22:52] "POST /web/database/create HTTP/1.1" 200 - 25 0.056 3.165
2025-05-23 18:22:53,894 1 INFO lithws werkzeug: 172.26.0.1 - - [23/May/2025 18:22:53] "GET /web/service-worker.js HTTP/1.1" 200 - 3 0.017 0.069
2025-05-23 18:23:10,407 1 INFO ? odoo.service.server: Initiating shutdown 
2025-05-23 18:23:10,408 1 INFO ? odoo.service.server: Hit CTRL-C again or send a second signal to force the shutdown. 
2025-05-23 18:23:10,826 1 INFO ? odoo.sql_db: ConnectionPool(used=0/count=0/max=64): Closed 2 connections  
2025-05-23 18:23:22,076 1 WARNING ? py.warnings: /usr/lib/python3/dist-packages/odoo/tools/config.py:576: DeprecationWarning: The longpolling-port is a deprecated alias to the gevent-port option, please use the latter.
  File "/usr/bin/odoo", line 8, in <module>
    odoo.cli.main()
  File "/usr/lib/python3/dist-packages/odoo/cli/command.py", line 66, in main
    o.run(args)
  File "/usr/lib/python3/dist-packages/odoo/cli/server.py", line 186, in run
    main(args)
  File "/usr/lib/python3/dist-packages/odoo/cli/server.py", line 133, in main
    odoo.tools.config.parse_config(args)
  File "/usr/lib/python3/dist-packages/odoo/tools/config.py", line 390, in parse_config
    self._warn_deprecated_options()
  File "/usr/lib/python3/dist-packages/odoo/tools/config.py", line 576, in _warn_deprecated_options
    warnings.warn(
 
2025-05-23 18:23:22,076 1 INFO ? odoo: Odoo version 17.0-20250401 
2025-05-23 18:23:22,077 1 INFO ? odoo: Using configuration file at /etc/odoo/odoo.conf 
2025-05-23 18:23:22,077 1 INFO ? odoo: addons paths: ['/usr/lib/python3/dist-packages/odoo/addons', '/var/lib/odoo/addons/17.0', '/mnt/extra-addons', '/mnt/extra-themes'] 
2025-05-23 18:23:22,077 1 INFO ? odoo: database: odoo@postgres:5432 
2025-05-23 18:23:22,506 1 INFO ? odoo.addons.base.models.ir_actions_report: Will use the Wkhtmltopdf binary at /usr/local/bin/wkhtmltopdf 
2025-05-23 18:23:22,750 1 INFO ? odoo.service.server: HTTP service (werkzeug) running on e1f8254edcaf:8069 
2025-05-23 18:23:32,861 1 INFO ? odoo.modules.loading: loading 1 modules... 
2025-05-23 18:23:32,904 1 INFO ? odoo.modules.loading: 1 modules loaded in 0.04s, 0 queries (+0 extra) 
2025-05-23 18:23:32,966 1 INFO ? odoo.modules.loading: loading 28 modules... 
2025-05-23 18:23:33,358 1 INFO ? odoo.modules.loading: 28 modules loaded in 0.39s, 0 queries (+0 extra) 
2025-05-23 18:23:33,463 1 INFO ? odoo.modules.loading: Modules loaded. 
2025-05-23 18:23:33,467 1 INFO ? odoo.modules.registry: Registry loaded in 0.711s 
2025-05-23 18:23:33,469 1 INFO lithws odoo.addons.base.models.ir_http: Generating routing map for key None 
2025-05-23 18:23:33,558 1 INFO lithws werkzeug: 172.26.0.1 - - [23/May/2025 18:23:33] "GET / HTTP/1.1" 303 - 22 0.053 0.832
2025-05-23 18:23:34,260 1 WARNING lithws odoo.addons.base.models.ir_asset: IrAsset: the path "muk_web_chatter/static/src/core/**/*.js" did not resolve to anything. 
2025-05-23 18:23:34,306 1 INFO lithws werkzeug: 172.26.0.1 - - [23/May/2025 18:23:34] "GET /web HTTP/1.1" 200 - 82 0.140 0.594
2025-05-23 18:23:34,996 1 INFO lithws werkzeug: 172.26.0.1 - - [23/May/2025 18:23:34] "GET /bus/websocket_worker_bundle?v=17.0-1 HTTP/1.1" 304 - 4 0.003 0.009
2025-05-23 18:23:35,151 1 INFO lithws werkzeug: 172.26.0.1 - - [23/May/2025 18:23:35] "POST /mail/init_messaging HTTP/1.1" 200 - 55 0.080 0.071
2025-05-23 18:23:35,179 1 INFO lithws werkzeug: 172.26.0.1 - - [23/May/2025 18:23:35] "GET /websocket?version=17.0-1 HTTP/1.1" 101 - 1 0.004 0.031
2025-05-23 18:23:35,211 1 INFO lithws werkzeug: 172.26.0.1 - - [23/May/2025 18:23:35] "POST /mail/load_message_failures HTTP/1.1" 200 - 4 0.011 0.023
2025-05-23 18:23:35,236 1 INFO lithws werkzeug: 172.26.0.1 - - [23/May/2025 18:23:35] "GET /web/image?model=res.users&field=avatar_128&id=2 HTTP/1.1" 304 - 15 0.053 0.080
2025-05-23 18:23:35,360 1 INFO lithws werkzeug: 172.26.0.1 - - [23/May/2025 18:23:35] "GET /web/manifest.webmanifest HTTP/1.1" 200 - 9 0.051 0.042
2025-05-23 18:23:35,600 1 INFO ? odoo.addons.bus.models.bus: Bus.loop listen imbus on db postgres 
2025-05-23 18:23:39,487 1 WARNING ? odoo.modules.module: Missing `license` key in manifest for 'odoo_whatsapp_integration', defaulting to LGPL-3 
2025-05-23 18:23:39,495 1 WARNING ? odoo.modules.module: Missing `license` key in manifest for 'odoo_whatsapp_integration', defaulting to LGPL-3 
2025-05-23 18:23:39,498 1 WARNING ? odoo.modules.module: Missing `license` key in manifest for 'odoo_whatsapp_integration', defaulting to LGPL-3 
2025-05-23 18:23:39,665 1 INFO lithws werkzeug: 172.26.0.1 - - [23/May/2025 18:23:39] "POST /web/dataset/call_kw/res.users/systray_get_activities HTTP/1.1" 200 - 4 0.020 4.586
2025-05-23 18:23:39,666 1 INFO lithws werkzeug: 172.26.0.1 - - [23/May/2025 18:23:39] "POST /web/action/load HTTP/1.1" 200 - 6 0.019 4.539
2025-05-23 18:23:39,702 1 INFO lithws werkzeug: 172.26.0.1 - - [23/May/2025 18:23:39] "POST /web/action/load HTTP/1.1" 200 - 9 0.042 1.800
2025-05-23 18:23:39,710 1 INFO lithws werkzeug: 172.26.0.1 - - [23/May/2025 18:23:39] "GET /web/image/res.company/1/favicon HTTP/1.1" 304 - 10 0.048 4.391
2025-05-23 18:23:40,007 1 INFO lithws werkzeug: 172.26.0.1 - - [23/May/2025 18:23:40] "POST /web/dataset/call_kw/ir.module.module/get_views HTTP/1.1" 200 - 47 0.089 0.159
2025-05-23 18:23:40,088 1 INFO lithws werkzeug: 172.26.0.1 - - [23/May/2025 18:23:40] "POST /web/dataset/call_kw/ir.module.module/search_panel_select_range HTTP/1.1" 200 - 1 0.002 0.017
2025-05-23 18:23:40,306 1 INFO lithws werkzeug: 172.26.0.1 - - [23/May/2025 18:23:40] "POST /web/dataset/call_kw/ir.module.module/search_panel_select_range HTTP/1.1" 200 - 1 0.004 0.028
2025-05-23 18:23:40,350 1 INFO lithws werkzeug: 172.26.0.1 - - [23/May/2025 18:23:40] "POST /web/dataset/call_kw/ir.module.module/search_panel_select_range HTTP/1.1" 200 - 49 0.152 0.129
2025-05-23 18:23:40,529 1 INFO lithws werkzeug: 172.26.0.1 - - [23/May/2025 18:23:40] "POST /web/dataset/call_kw/ir.module.module/search_panel_select_range HTTP/1.1" 200 - 45 0.143 0.099
2025-05-23 18:23:40,578 1 INFO lithws werkzeug: 172.26.0.1 - - [23/May/2025 18:23:40] "POST /web/dataset/call_kw/ir.module.module/web_search_read HTTP/1.1" 200 - 4 0.020 0.459
2025-05-23 18:23:40,626 1 INFO lithws werkzeug: 172.26.0.1 - - [23/May/2025 18:23:40] "POST /web/dataset/call_kw/ir.module.module/web_search_read HTTP/1.1" 200 - 3 0.018 0.308
2025-05-23 18:23:43,004 1 INFO lithws werkzeug: 172.26.0.1 - - [23/May/2025 18:23:43] "GET /web/service-worker.js HTTP/1.1" 200 - 1 0.002 0.009
2025-05-23 18:23:45,895 1 INFO lithws werkzeug: 172.26.0.1 - - [23/May/2025 18:23:45] "GET /web?debug=1 HTTP/1.1" 200 - 29 0.032 0.102
2025-05-23 18:23:45,984 1 INFO lithws werkzeug: 172.26.0.1 - - [23/May/2025 18:23:45] "GET /web/webclient/load_menus/c7bd7e746b43e92251c65a8f9d4553d710d8961fb50a53f8aaeea1ff4b379228 HTTP/1.1" 200 - 1 0.001 0.007
2025-05-23 18:23:46,317 1 INFO lithws werkzeug: 172.26.0.1 - - [23/May/2025 18:23:46] "GET /bus/websocket_worker_bundle?v=17.0-1 HTTP/1.1" 304 - 3 0.019 0.041
2025-05-23 18:23:46,398 1 INFO lithws werkzeug: 172.26.0.1 - - [23/May/2025 18:23:46] "POST /web/action/load HTTP/1.1" 200 - 9 0.048 0.103
2025-05-23 18:23:46,448 1 INFO lithws werkzeug: 172.26.0.1 - - [23/May/2025 18:23:46] "POST /web/dataset/call_kw/res.users/systray_get_activities HTTP/1.1" 200 - 2 0.004 0.011
2025-05-23 18:23:46,492 1 INFO lithws werkzeug: 172.26.0.1 - - [23/May/2025 18:23:46] "POST /mail/init_messaging HTTP/1.1" 200 - 32 0.072 0.126
2025-05-23 18:23:46,594 1 INFO lithws werkzeug: 172.26.0.1 - - [23/May/2025 18:23:46] "GET /web/image?model=res.users&field=avatar_128&id=2 HTTP/1.1" 304 - 8 0.016 0.064
2025-05-23 18:23:46,680 1 INFO lithws werkzeug: 172.26.0.1 - - [23/May/2025 18:23:46] "POST /web/dataset/call_kw/ir.module.module/get_views HTTP/1.1" 200 - 2 0.010 0.054
2025-05-23 18:23:46,701 1 INFO lithws werkzeug: 172.26.0.1 - - [23/May/2025 18:23:46] "POST /mail/load_message_failures HTTP/1.1" 200 - 3 0.022 0.039
2025-05-23 18:23:46,827 1 INFO lithws werkzeug: 172.26.0.1 - - [23/May/2025 18:23:46] "GET /websocket?version=17.0-1 HTTP/1.1" 101 - 1 0.008 0.065
2025-05-23 18:23:46,838 1 INFO lithws werkzeug: 172.26.0.1 - - [23/May/2025 18:23:46] "GET /web/manifest.webmanifest HTTP/1.1" 200 - 7 0.036 0.053
2025-05-23 18:23:46,839 1 INFO lithws werkzeug: 172.26.0.1 - - [23/May/2025 18:23:46] "POST /web/dataset/call_kw/ir.module.module/search_panel_select_range HTTP/1.1" 200 - 1 0.006 0.061
2025-05-23 18:23:47,045 1 INFO lithws werkzeug: 172.26.0.1 - - [23/May/2025 18:23:47] "POST /web/dataset/call_kw/ir.module.module/search_panel_select_range HTTP/1.1" 200 - 47 0.122 0.142
2025-05-23 18:23:47,071 1 INFO lithws werkzeug: 172.26.0.1 - - [23/May/2025 18:23:47] "POST /web/dataset/call_kw/ir.module.module/web_search_read HTTP/1.1" 200 - 3 0.017 0.238
2025-05-23 18:23:49,023 1 INFO lithws werkzeug: 172.26.0.1 - - [23/May/2025 18:23:49] "GET /web/service-worker.js HTTP/1.1" 200 - 1 0.002 0.012
2025-05-23 18:23:50,322 1 INFO lithws werkzeug: 172.26.0.1 - - [23/May/2025 18:23:50] "POST /web/action/load HTTP/1.1" 200 - 8 0.015 0.040
2025-05-23 18:23:50,422 1 INFO lithws werkzeug: 172.26.0.1 - - [23/May/2025 18:23:50] "POST /web/dataset/call_kw/base.module.update/get_views HTTP/1.1" 200 - 9 0.014 0.031
2025-05-23 18:23:50,471 1 INFO lithws werkzeug: 172.26.0.1 - - [23/May/2025 18:23:50] "POST /web/dataset/call_kw/base.module.update/onchange HTTP/1.1" 200 - 2 0.003 0.010
2025-05-23 18:23:51,993 1 INFO lithws werkzeug: 172.26.0.1 - - [23/May/2025 18:23:51] "POST /web/dataset/call_kw/base.module.update/web_save HTTP/1.1" 200 - 5 0.013 0.038
2025-05-23 18:23:52,046 1 INFO lithws odoo.addons.base.models.ir_module: ALLOW access to module.update_list on [] to user admin #2 via 172.26.0.1 
2025-05-23 18:23:54,179 1 INFO lithws werkzeug: 172.26.0.1 - - [23/May/2025 18:23:54] "POST /web/dataset/call_button HTTP/1.1" 200 - 1462 1.150 1.002
2025-05-23 18:24:00,861 1 INFO lithws werkzeug: 172.26.0.1 - - [23/May/2025 18:24:00] "POST /web/dataset/call_kw/ir.module.module/search_panel_select_range HTTP/1.1" 200 - 47 0.083 0.072
2025-05-23 18:24:00,912 1 INFO lithws werkzeug: 172.26.0.1 - - [23/May/2025 18:24:00] "POST /web/dataset/call_kw/ir.module.module/web_search_read HTTP/1.1" 200 - 4 0.021 0.179
2025-05-23 18:24:22,866 1 INFO lithws odoo.addons.base.models.ir_cron: Starting job `Base: Auto-vacuum internal data`. 
2025-05-23 18:24:22,975 1 INFO lithws odoo.addons.base.models.ir_attachment: filestore gc 19 checked, 0 removed 
2025-05-23 18:24:23,201 1 INFO lithws odoo.addons.base.models.res_users: GC'd 1 user log entries 
2025-05-23 18:24:23,306 1 INFO lithws odoo.addons.auth_totp.models.auth_totp: GC'd 0 totp devices entries 
2025-05-23 18:24:23,350 1 INFO lithws odoo.models.unlink: User #1 deleted bus.bus records with IDs: [1, 2, 3, 4, 5, 6, 7, 8, 9, 10, 11, 12] 
2025-05-23 18:24:23,577 1 INFO lithws odoo.addons.sms.models.sms_sms: GC'd 0 sms marked for deletion 
2025-05-23 18:24:23,607 1 INFO lithws odoo.addons.base.models.ir_cron: Job done: `Base: Auto-vacuum internal data` (0.740s). 
2025-05-23 18:24:23,637 1 INFO lithws odoo.addons.base.models.ir_cron: Starting job `Base: Portal Users Deletion`. 
2025-05-23 18:24:23,649 1 INFO lithws odoo.addons.base.models.ir_cron: Job done: `Base: Portal Users Deletion` (0.011s). 
2025-05-23 18:24:23,683 1 INFO lithws odoo.addons.base.models.ir_cron: Starting job `Mail: Email Queue Manager`. 
2025-05-23 18:24:23,706 1 INFO lithws odoo.addons.base.models.ir_cron: Job done: `Mail: Email Queue Manager` (0.023s). 
2025-05-23 18:24:23,739 1 INFO lithws odoo.addons.base.models.ir_cron: Starting job `Notification: Delete Notifications older than 6 Month`. 
2025-05-23 18:24:23,754 1 INFO lithws odoo.addons.base.models.ir_cron: Job done: `Notification: Delete Notifications older than 6 Month` (0.014s). 
2025-05-23 18:24:23,786 1 INFO lithws odoo.addons.base.models.ir_cron: Starting job `Notification: Send scheduled message notifications`. 
2025-05-23 18:24:23,799 1 INFO lithws odoo.addons.base.models.ir_cron: Job done: `Notification: Send scheduled message notifications` (0.012s). 
2025-05-23 18:24:23,848 1 INFO lithws odoo.addons.base.models.ir_cron: Starting job `Mail: send web push notification`. 
2025-05-23 18:24:23,862 1 INFO lithws odoo.addons.base.models.ir_cron: Job done: `Mail: send web push notification` (0.014s). 
2025-05-23 18:24:23,989 1 INFO lithws odoo.addons.base.models.ir_cron: Starting job `Discuss: channel member unmute`. 
2025-05-23 18:24:23,994 1 INFO lithws odoo.addons.base.models.ir_cron: Starting job `Users: Notify About Unregistered Users`. 
2025-05-23 18:24:24,011 1 INFO lithws odoo.addons.base.models.ir_cron: Job done: `Discuss: channel member unmute` (0.021s). 
2025-05-23 18:24:24,027 1 INFO lithws odoo.addons.base.models.ir_cron: Job done: `Users: Notify About Unregistered Users` (0.030s). 
2025-05-23 18:24:24,047 1 INFO lithws odoo.addons.base.models.ir_cron: Starting job `Partner Autocomplete: Sync with remote DB`. 
2025-05-23 18:24:24,066 1 INFO lithws odoo.addons.base.models.ir_cron: Job done: `Partner Autocomplete: Sync with remote DB` (0.019s). 
2025-05-23 18:24:24,078 1 INFO lithws odoo.addons.base.models.ir_cron: Starting job `SMS: SMS Queue Manager`. 
2025-05-23 18:24:24,102 1 INFO lithws odoo.addons.base.models.ir_cron: Job done: `SMS: SMS Queue Manager` (0.023s). 
2025-05-23 18:24:24,108 1 INFO lithws odoo.addons.base.models.ir_cron: Starting job `Snailmail: process letters queue`. 
2025-05-23 18:24:24,126 1 INFO lithws odoo.addons.base.models.ir_cron: Job done: `Snailmail: process letters queue` (0.017s). 
2025-05-23 18:39:17,760 1 INFO ? odoo.service.server: Initiating shutdown 
2025-05-23 18:39:17,760 1 INFO ? odoo.service.server: Hit CTRL-C again or send a second signal to force the shutdown. 
2025-05-23 18:39:18,340 1 INFO ? odoo.sql_db: ConnectionPool(used=0/count=0/max=64): Closed 5 connections  
